DEBUG - 2016-03-30 22:05:26,525 - starting thread (client mode): 0x1999fd0L
DEBUG - 2016-03-30 22:05:26,526 - Local version/idstring: SSH-2.0-paramiko_1.16.0
DEBUG - 2016-03-30 22:05:26,531 - Remote version/idstring: SSH-2.0-OpenSSH_4.3
INFO - 2016-03-30 22:05:26,531 - Connected (version 2.0, client OpenSSH_4.3)
DEBUG - 2016-03-30 22:05:26,532 - kex algos:[u'diffie-hellman-group-exchange-sha1', u'diffie-hellman-group14-sha1', u'diffie-hellman-group1-sha1'] server key:[u'ssh-rsa', u'ssh-dss'] client encrypt:[u'aes128-cbc', u'3des-cbc', u'blowfish-cbc', u'cast128-cbc', u'arcfour128', u'arcfour256', u'arcfour', u'aes192-cbc', u'aes256-cbc', u'rijndael-cbc@lysator.liu.se', u'aes128-ctr', u'aes192-ctr', u'aes256-ctr'] server encrypt:[u'aes128-cbc', u'3des-cbc', u'blowfish-cbc', u'cast128-cbc', u'arcfour128', u'arcfour256', u'arcfour', u'aes192-cbc', u'aes256-cbc', u'rijndael-cbc@lysator.liu.se', u'aes128-ctr', u'aes192-ctr', u'aes256-ctr'] client mac:[u'hmac-md5', u'hmac-sha1', u'hmac-ripemd160', u'hmac-ripemd160@openssh.com', u'hmac-sha1-96', u'hmac-md5-96'] server mac:[u'hmac-md5', u'hmac-sha1', u'hmac-ripemd160', u'hmac-ripemd160@openssh.com', u'hmac-sha1-96', u'hmac-md5-96'] client compress:[u'none', u'zlib@openssh.com'] server compress:[u'none', u'zlib@openssh.com'] client lang:[u''] server lang:[u''] kex follows?False
DEBUG - 2016-03-30 22:05:26,533 - Kex agreed: diffie-hellman-group1-sha1
DEBUG - 2016-03-30 22:05:26,533 - Cipher agreed: aes128-ctr
DEBUG - 2016-03-30 22:05:26,533 - MAC agreed: hmac-md5
DEBUG - 2016-03-30 22:05:26,533 - Compression agreed: none
DEBUG - 2016-03-30 22:05:26,669 - kex engine KexGroup1 specified hash_algo <built-in function openssl_sha1>
DEBUG - 2016-03-30 22:05:26,669 - Switch to new keys ...
DEBUG - 2016-03-30 22:05:26,670 - Attempting password auth...
DEBUG - 2016-03-30 22:05:26,709 - userauth is OK
INFO - 2016-03-30 22:05:26,716 - Authentication (password) successful!
DEBUG - 2016-03-30 22:05:26,735 - [chan 0] Max packet in: 32768 bytes
DEBUG - 2016-03-30 22:05:26,783 - [chan 0] Max packet out: 32768 bytes
DEBUG - 2016-03-30 22:05:26,783 - Secsh channel 0 opened.
DEBUG - 2016-03-30 22:05:26,800 - [chan 0] Sesch channel 0 request ok
INFO - 2016-03-30 22:05:27,065 - [chan 0] Opened sftp connection (server version 3)
DEBUG - 2016-03-30 22:05:27,065 - [chan 0] normalize('/backup/daily/wangzhuoran/2016-03-30')
DEBUG - 2016-03-30 22:05:27,067 - [chan 0] mkdir('/backup/daily/wangzhuoran/2016-03-30', 511)
DEBUG - 2016-03-30 22:05:27,068 - [chan 0] open('/backup/daily/wangzhuoran/2016-03-30/bro_start.sh', 'wb')
DEBUG - 2016-03-30 22:05:27,069 - [chan 0] open('/backup/daily/wangzhuoran/2016-03-30/bro_start.sh', 'wb') -> 00000000
DEBUG - 2016-03-30 22:05:27,077 - [chan 0] close(00000000)
DEBUG - 2016-03-30 22:05:27,078 - [chan 0] stat('/backup/daily/wangzhuoran/2016-03-30/bro_start.sh')
INFO - 2016-03-30 22:05:27,079 - Backup localfile /home/monster/bro_start.sh to /backup/daily/wangzhuoran/2016-03-30/bro_start.sh on 211.65.193.61 ...
ERROR - 2016-03-30 22:05:27,080 - Backup localfile /home/monster/paramiko.tar.gz: [Errno 2] No such file or directory: '/home/monster/paramiko.tar.gz'
INFO - 2016-03-30 22:05:27,080 - Backup localfile /home/monster/paramiko.tar.gz to /backup/daily/wangzhuoran/2016-03-30/paramiko.tar.gz on 211.65.193.61 ...
ERROR - 2016-03-30 22:05:27,080 - Backup localfile /home/monster/heiheihei: [Errno 2] No such file or directory: '/home/monster/heiheihei'
INFO - 2016-03-30 22:05:27,081 - Backup localfile /home/monster/heiheihei to /backup/daily/wangzhuoran/2016-03-30/heiheihei on 211.65.193.61 ...
DEBUG - 2016-03-30 22:05:27,081 - [chan 0] open('/backup/daily/wangzhuoran/2016-03-30/BackupService.py', 'wb')
DEBUG - 2016-03-30 22:05:27,082 - [chan 0] open('/backup/daily/wangzhuoran/2016-03-30/BackupService.py', 'wb') -> 00000000
DEBUG - 2016-03-30 22:05:27,085 - [chan 0] close(00000000)
DEBUG - 2016-03-30 22:05:27,086 - [chan 0] stat('/backup/daily/wangzhuoran/2016-03-30/BackupService.py')
INFO - 2016-03-30 22:05:27,087 - Backup localfile /home/monster/BackupService/BackupService.py to /backup/daily/wangzhuoran/2016-03-30/BackupService.py on 211.65.193.61 ...
DEBUG - 2016-03-30 22:05:27,088 - [chan 0] open('/backup/daily/wangzhuoran/2016-03-30/.gitmodules', 'wb')
DEBUG - 2016-03-30 22:05:27,089 - [chan 0] open('/backup/daily/wangzhuoran/2016-03-30/.gitmodules', 'wb') -> 00000000
DEBUG - 2016-03-30 22:05:27,089 - [chan 0] close(00000000)
DEBUG - 2016-03-30 22:05:27,091 - [chan 0] stat('/backup/daily/wangzhuoran/2016-03-30/.gitmodules')
INFO - 2016-03-30 22:05:27,092 - Backup localfile /home/monster/BackupService/.gitmodules to /backup/daily/wangzhuoran/2016-03-30/.gitmodules on 211.65.193.61 ...
DEBUG - 2016-03-30 22:05:27,092 - [chan 0] open('/backup/daily/wangzhuoran/2016-03-30/LICENSE', 'wb')
DEBUG - 2016-03-30 22:05:27,093 - [chan 0] open('/backup/daily/wangzhuoran/2016-03-30/LICENSE', 'wb') -> 00000000
DEBUG - 2016-03-30 22:05:27,094 - [chan 0] close(00000000)
DEBUG - 2016-03-30 22:05:27,095 - [chan 0] stat('/backup/daily/wangzhuoran/2016-03-30/LICENSE')
INFO - 2016-03-30 22:05:27,096 - Backup localfile /home/monster/BackupService/LICENSE to /backup/daily/wangzhuoran/2016-03-30/LICENSE on 211.65.193.61 ...
DEBUG - 2016-03-30 22:05:27,096 - [chan 0] open('/backup/daily/wangzhuoran/2016-03-30/MainConf.json', 'wb')
DEBUG - 2016-03-30 22:05:27,097 - [chan 0] open('/backup/daily/wangzhuoran/2016-03-30/MainConf.json', 'wb') -> 00000000
DEBUG - 2016-03-30 22:05:27,098 - [chan 0] close(00000000)
DEBUG - 2016-03-30 22:05:27,100 - [chan 0] stat('/backup/daily/wangzhuoran/2016-03-30/MainConf.json')
INFO - 2016-03-30 22:05:27,101 - Backup localfile /home/monster/BackupService/MainConf.json to /backup/daily/wangzhuoran/2016-03-30/MainConf.json on 211.65.193.61 ...
DEBUG - 2016-03-30 22:05:27,101 - [chan 0] open('/backup/daily/wangzhuoran/2016-03-30/backup.log', 'wb')
DEBUG - 2016-03-30 22:05:27,102 - [chan 0] open('/backup/daily/wangzhuoran/2016-03-30/backup.log', 'wb') -> 00000000
DEBUG - 2016-03-30 22:05:27,104 - [chan 0] close(00000000)
DEBUG - 2016-03-30 22:05:27,105 - [chan 0] stat('/backup/daily/wangzhuoran/2016-03-30/backup.log')
INFO - 2016-03-30 22:05:27,106 - Backup localfile /home/monster/BackupService/backup.log to /backup/daily/wangzhuoran/2016-03-30/backup.log on 211.65.193.61 ...
DEBUG - 2016-03-30 22:05:27,107 - [chan 0] open('/backup/daily/wangzhuoran/2016-03-30/README.md', 'wb')
DEBUG - 2016-03-30 22:05:27,108 - [chan 0] open('/backup/daily/wangzhuoran/2016-03-30/README.md', 'wb') -> 00000000
DEBUG - 2016-03-30 22:05:27,109 - [chan 0] close(00000000)
DEBUG - 2016-03-30 22:05:27,110 - [chan 0] stat('/backup/daily/wangzhuoran/2016-03-30/README.md')
INFO - 2016-03-30 22:05:27,111 - Backup localfile /home/monster/BackupService/README.md to /backup/daily/wangzhuoran/2016-03-30/README.md on 211.65.193.61 ...
DEBUG - 2016-03-30 22:05:27,112 - [chan 0] open('/backup/daily/wangzhuoran/2016-03-30/BackupService_debug.py', 'wb')
DEBUG - 2016-03-30 22:05:27,113 - [chan 0] open('/backup/daily/wangzhuoran/2016-03-30/BackupService_debug.py', 'wb') -> 00000000
DEBUG - 2016-03-30 22:05:27,114 - [chan 0] close(00000000)
DEBUG - 2016-03-30 22:05:27,116 - [chan 0] stat('/backup/daily/wangzhuoran/2016-03-30/BackupService_debug.py')
INFO - 2016-03-30 22:05:27,117 - Backup localfile /home/monster/BackupService/BackupService_debug.py to /backup/daily/wangzhuoran/2016-03-30/BackupService_debug.py on 211.65.193.61 ...
DEBUG - 2016-03-30 22:05:27,118 - [chan 0] open('/backup/daily/wangzhuoran/2016-03-30/.git/HEAD', 'wb')
DEBUG - 2016-03-30 22:05:27,119 - [chan 0] mkdir('/backup/daily/wangzhuoran/2016-03-30/.git', 511)
INFO - 2016-03-30 22:05:27,120 - Create directory /backup/daily/wangzhuoran/2016-03-30/.git on 211.65.193.61 ...
DEBUG - 2016-03-30 22:05:27,120 - [chan 0] open('/backup/daily/wangzhuoran/2016-03-30/.git/HEAD', 'wb')
DEBUG - 2016-03-30 22:05:27,121 - [chan 0] open('/backup/daily/wangzhuoran/2016-03-30/.git/HEAD', 'wb') -> 00000000
DEBUG - 2016-03-30 22:05:27,122 - [chan 0] close(00000000)
DEBUG - 2016-03-30 22:05:27,123 - [chan 0] stat('/backup/daily/wangzhuoran/2016-03-30/.git/HEAD')
INFO - 2016-03-30 22:05:27,124 - Backup localfile /home/monster/BackupService/.git/HEAD to /backup/daily/wangzhuoran/2016-03-30/.git/HEAD on 211.65.193.61 ...
DEBUG - 2016-03-30 22:05:27,125 - [chan 0] open('/backup/daily/wangzhuoran/2016-03-30/.git/packed-refs', 'wb')
DEBUG - 2016-03-30 22:05:27,126 - [chan 0] open('/backup/daily/wangzhuoran/2016-03-30/.git/packed-refs', 'wb') -> 00000000
DEBUG - 2016-03-30 22:05:27,126 - [chan 0] close(00000000)
DEBUG - 2016-03-30 22:05:27,128 - [chan 0] stat('/backup/daily/wangzhuoran/2016-03-30/.git/packed-refs')
INFO - 2016-03-30 22:05:27,129 - Backup localfile /home/monster/BackupService/.git/packed-refs to /backup/daily/wangzhuoran/2016-03-30/.git/packed-refs on 211.65.193.61 ...
DEBUG - 2016-03-30 22:05:27,129 - [chan 0] open('/backup/daily/wangzhuoran/2016-03-30/.git/index', 'wb')
DEBUG - 2016-03-30 22:05:27,130 - [chan 0] open('/backup/daily/wangzhuoran/2016-03-30/.git/index', 'wb') -> 00000000
DEBUG - 2016-03-30 22:05:27,131 - [chan 0] close(00000000)
DEBUG - 2016-03-30 22:05:27,133 - [chan 0] stat('/backup/daily/wangzhuoran/2016-03-30/.git/index')
INFO - 2016-03-30 22:05:27,134 - Backup localfile /home/monster/BackupService/.git/index to /backup/daily/wangzhuoran/2016-03-30/.git/index on 211.65.193.61 ...
DEBUG - 2016-03-30 22:05:27,134 - [chan 0] open('/backup/daily/wangzhuoran/2016-03-30/.git/config', 'wb')
DEBUG - 2016-03-30 22:05:27,135 - [chan 0] open('/backup/daily/wangzhuoran/2016-03-30/.git/config', 'wb') -> 00000000
DEBUG - 2016-03-30 22:05:27,136 - [chan 0] close(00000000)
DEBUG - 2016-03-30 22:05:27,137 - [chan 0] stat('/backup/daily/wangzhuoran/2016-03-30/.git/config')
INFO - 2016-03-30 22:05:27,138 - Backup localfile /home/monster/BackupService/.git/config to /backup/daily/wangzhuoran/2016-03-30/.git/config on 211.65.193.61 ...
DEBUG - 2016-03-30 22:05:27,138 - [chan 0] open('/backup/daily/wangzhuoran/2016-03-30/.git/description', 'wb')
DEBUG - 2016-03-30 22:05:27,139 - [chan 0] open('/backup/daily/wangzhuoran/2016-03-30/.git/description', 'wb') -> 00000000
DEBUG - 2016-03-30 22:05:27,154 - [chan 0] close(00000000)
DEBUG - 2016-03-30 22:05:27,156 - [chan 0] stat('/backup/daily/wangzhuoran/2016-03-30/.git/description')
INFO - 2016-03-30 22:05:27,157 - Backup localfile /home/monster/BackupService/.git/description to /backup/daily/wangzhuoran/2016-03-30/.git/description on 211.65.193.61 ...
DEBUG - 2016-03-30 22:05:27,159 - [chan 0] open('/backup/daily/wangzhuoran/2016-03-30/.git/objects/5f/3e1d1ed638938588bcd04f8e7116c27c9053a5', 'wb')
DEBUG - 2016-03-30 22:05:27,160 - [chan 0] mkdir('/backup/daily/wangzhuoran/2016-03-30/.git/objects/5f', 511)
ERROR - 2016-03-30 22:05:27,161 - Remote host 211.65.193.61 [Errno 2] No such file
DEBUG - 2016-03-30 22:05:27,261 - EOF in transport thread
DEBUG - 2016-03-30 22:18:37,836 - starting thread (client mode): 0x6f84dfd0L
DEBUG - 2016-03-30 22:18:37,837 - Local version/idstring: SSH-2.0-paramiko_1.16.0
DEBUG - 2016-03-30 22:18:37,842 - Remote version/idstring: SSH-2.0-OpenSSH_4.3
INFO - 2016-03-30 22:18:37,842 - Connected (version 2.0, client OpenSSH_4.3)
DEBUG - 2016-03-30 22:18:37,843 - kex algos:[u'diffie-hellman-group-exchange-sha1', u'diffie-hellman-group14-sha1', u'diffie-hellman-group1-sha1'] server key:[u'ssh-rsa', u'ssh-dss'] client encrypt:[u'aes128-cbc', u'3des-cbc', u'blowfish-cbc', u'cast128-cbc', u'arcfour128', u'arcfour256', u'arcfour', u'aes192-cbc', u'aes256-cbc', u'rijndael-cbc@lysator.liu.se', u'aes128-ctr', u'aes192-ctr', u'aes256-ctr'] server encrypt:[u'aes128-cbc', u'3des-cbc', u'blowfish-cbc', u'cast128-cbc', u'arcfour128', u'arcfour256', u'arcfour', u'aes192-cbc', u'aes256-cbc', u'rijndael-cbc@lysator.liu.se', u'aes128-ctr', u'aes192-ctr', u'aes256-ctr'] client mac:[u'hmac-md5', u'hmac-sha1', u'hmac-ripemd160', u'hmac-ripemd160@openssh.com', u'hmac-sha1-96', u'hmac-md5-96'] server mac:[u'hmac-md5', u'hmac-sha1', u'hmac-ripemd160', u'hmac-ripemd160@openssh.com', u'hmac-sha1-96', u'hmac-md5-96'] client compress:[u'none', u'zlib@openssh.com'] server compress:[u'none', u'zlib@openssh.com'] client lang:[u''] server lang:[u''] kex follows?False
DEBUG - 2016-03-30 22:18:37,844 - Kex agreed: diffie-hellman-group1-sha1
DEBUG - 2016-03-30 22:18:37,844 - Cipher agreed: aes128-ctr
DEBUG - 2016-03-30 22:18:37,844 - MAC agreed: hmac-md5
DEBUG - 2016-03-30 22:18:37,845 - Compression agreed: none
DEBUG - 2016-03-30 22:18:37,975 - kex engine KexGroup1 specified hash_algo <built-in function openssl_sha1>
DEBUG - 2016-03-30 22:18:37,975 - Switch to new keys ...
DEBUG - 2016-03-30 22:18:37,976 - Attempting password auth...
DEBUG - 2016-03-30 22:18:38,015 - userauth is OK
INFO - 2016-03-30 22:18:38,021 - Authentication (password) successful!
DEBUG - 2016-03-30 22:18:38,041 - [chan 0] Max packet in: 32768 bytes
DEBUG - 2016-03-30 22:18:38,083 - [chan 0] Max packet out: 32768 bytes
DEBUG - 2016-03-30 22:18:38,083 - Secsh channel 0 opened.
DEBUG - 2016-03-30 22:18:38,106 - [chan 0] Sesch channel 0 request ok
INFO - 2016-03-30 22:18:38,128 - [chan 0] Opened sftp connection (server version 3)
DEBUG - 2016-03-30 22:18:38,128 - [chan 0] normalize('/backup/daily/wangzhuoran/2016-03-30')
DEBUG - 2016-03-30 22:18:38,129 - [chan 0] open('/backup/daily/wangzhuoran/2016-03-30/bro_start.sh', 'wb')
DEBUG - 2016-03-30 22:18:38,131 - [chan 0] open('/backup/daily/wangzhuoran/2016-03-30/bro_start.sh', 'wb') -> 00000000
DEBUG - 2016-03-30 22:18:38,131 - [chan 0] close(00000000)
DEBUG - 2016-03-30 22:18:38,133 - [chan 0] stat('/backup/daily/wangzhuoran/2016-03-30/bro_start.sh')
INFO - 2016-03-30 22:18:38,134 - Backup localfile /home/monster/bro_start.sh to /backup/daily/wangzhuoran/2016-03-30/bro_start.sh on 211.65.193.61 ...
ERROR - 2016-03-30 22:18:38,134 - Backup localfile /home/monster/paramiko.tar.gz: [Errno 2] No such file or directory: '/home/monster/paramiko.tar.gz'
INFO - 2016-03-30 22:18:38,135 - Backup localfile /home/monster/paramiko.tar.gz to /backup/daily/wangzhuoran/2016-03-30/paramiko.tar.gz on 211.65.193.61 ...
ERROR - 2016-03-30 22:18:38,135 - Backup localfile /home/monster/heiheihei: [Errno 2] No such file or directory: '/home/monster/heiheihei'
INFO - 2016-03-30 22:18:38,135 - Backup localfile /home/monster/heiheihei to /backup/daily/wangzhuoran/2016-03-30/heiheihei on 211.65.193.61 ...
DEBUG - 2016-03-30 22:18:38,136 - [chan 0] open('/backup/daily/wangzhuoran/2016-03-30/BackupService.py', 'wb')
DEBUG - 2016-03-30 22:18:38,137 - [chan 0] open('/backup/daily/wangzhuoran/2016-03-30/BackupService.py', 'wb') -> 00000000
DEBUG - 2016-03-30 22:18:38,139 - [chan 0] close(00000000)
DEBUG - 2016-03-30 22:18:38,140 - [chan 0] stat('/backup/daily/wangzhuoran/2016-03-30/BackupService.py')
INFO - 2016-03-30 22:18:38,141 - Backup localfile /home/monster/BackupService/BackupService.py to /backup/daily/wangzhuoran/2016-03-30/BackupService.py on 211.65.193.61 ...
DEBUG - 2016-03-30 22:18:38,141 - [chan 0] open('/backup/daily/wangzhuoran/2016-03-30/.gitmodules', 'wb')
DEBUG - 2016-03-30 22:18:38,142 - [chan 0] open('/backup/daily/wangzhuoran/2016-03-30/.gitmodules', 'wb') -> 00000000
DEBUG - 2016-03-30 22:18:38,143 - [chan 0] close(00000000)
DEBUG - 2016-03-30 22:18:38,144 - [chan 0] stat('/backup/daily/wangzhuoran/2016-03-30/.gitmodules')
INFO - 2016-03-30 22:18:38,145 - Backup localfile /home/monster/BackupService/.gitmodules to /backup/daily/wangzhuoran/2016-03-30/.gitmodules on 211.65.193.61 ...
DEBUG - 2016-03-30 22:18:38,146 - [chan 0] open('/backup/daily/wangzhuoran/2016-03-30/LICENSE', 'wb')
DEBUG - 2016-03-30 22:18:38,147 - [chan 0] open('/backup/daily/wangzhuoran/2016-03-30/LICENSE', 'wb') -> 00000000
DEBUG - 2016-03-30 22:18:38,147 - [chan 0] close(00000000)
DEBUG - 2016-03-30 22:18:38,149 - [chan 0] stat('/backup/daily/wangzhuoran/2016-03-30/LICENSE')
INFO - 2016-03-30 22:18:38,150 - Backup localfile /home/monster/BackupService/LICENSE to /backup/daily/wangzhuoran/2016-03-30/LICENSE on 211.65.193.61 ...
DEBUG - 2016-03-30 22:18:38,150 - [chan 0] open('/backup/daily/wangzhuoran/2016-03-30/MainConf.json', 'wb')
DEBUG - 2016-03-30 22:18:38,151 - [chan 0] open('/backup/daily/wangzhuoran/2016-03-30/MainConf.json', 'wb') -> 00000000
DEBUG - 2016-03-30 22:18:38,152 - [chan 0] close(00000000)
DEBUG - 2016-03-30 22:18:38,153 - [chan 0] stat('/backup/daily/wangzhuoran/2016-03-30/MainConf.json')
INFO - 2016-03-30 22:18:38,154 - Backup localfile /home/monster/BackupService/MainConf.json to /backup/daily/wangzhuoran/2016-03-30/MainConf.json on 211.65.193.61 ...
DEBUG - 2016-03-30 22:18:38,155 - [chan 0] open('/backup/daily/wangzhuoran/2016-03-30/backup.log', 'wb')
DEBUG - 2016-03-30 22:18:38,156 - [chan 0] open('/backup/daily/wangzhuoran/2016-03-30/backup.log', 'wb') -> 00000000
DEBUG - 2016-03-30 22:18:38,160 - [chan 0] close(00000000)
DEBUG - 2016-03-30 22:18:38,200 - [chan 0] stat('/backup/daily/wangzhuoran/2016-03-30/backup.log')
INFO - 2016-03-30 22:18:38,201 - Backup localfile /home/monster/BackupService/backup.log to /backup/daily/wangzhuoran/2016-03-30/backup.log on 211.65.193.61 ...
DEBUG - 2016-03-30 22:18:38,202 - [chan 0] open('/backup/daily/wangzhuoran/2016-03-30/README.md', 'wb')
DEBUG - 2016-03-30 22:18:38,203 - [chan 0] open('/backup/daily/wangzhuoran/2016-03-30/README.md', 'wb') -> 00000000
DEBUG - 2016-03-30 22:18:38,204 - [chan 0] close(00000000)
DEBUG - 2016-03-30 22:18:38,205 - [chan 0] stat('/backup/daily/wangzhuoran/2016-03-30/README.md')
INFO - 2016-03-30 22:18:38,206 - Backup localfile /home/monster/BackupService/README.md to /backup/daily/wangzhuoran/2016-03-30/README.md on 211.65.193.61 ...
DEBUG - 2016-03-30 22:18:38,207 - [chan 0] open('/backup/daily/wangzhuoran/2016-03-30/BackupService_debug.py', 'wb')
DEBUG - 2016-03-30 22:18:38,208 - [chan 0] open('/backup/daily/wangzhuoran/2016-03-30/BackupService_debug.py', 'wb') -> 00000000
DEBUG - 2016-03-30 22:18:38,210 - [chan 0] close(00000000)
DEBUG - 2016-03-30 22:18:38,211 - [chan 0] stat('/backup/daily/wangzhuoran/2016-03-30/BackupService_debug.py')
INFO - 2016-03-30 22:18:38,212 - Backup localfile /home/monster/BackupService/BackupService_debug.py to /backup/daily/wangzhuoran/2016-03-30/BackupService_debug.py on 211.65.193.61 ...
DEBUG - 2016-03-30 22:18:38,213 - [chan 0] open('/backup/daily/wangzhuoran/2016-03-30/.git/HEAD', 'wb')
DEBUG - 2016-03-30 22:18:38,214 - [chan 0] open('/backup/daily/wangzhuoran/2016-03-30/.git/HEAD', 'wb') -> 00000000
DEBUG - 2016-03-30 22:18:38,214 - [chan 0] close(00000000)
DEBUG - 2016-03-30 22:18:38,216 - [chan 0] stat('/backup/daily/wangzhuoran/2016-03-30/.git/HEAD')
INFO - 2016-03-30 22:18:38,217 - Backup localfile /home/monster/BackupService/.git/HEAD to /backup/daily/wangzhuoran/2016-03-30/.git/HEAD on 211.65.193.61 ...
DEBUG - 2016-03-30 22:18:38,217 - [chan 0] open('/backup/daily/wangzhuoran/2016-03-30/.git/packed-refs', 'wb')
DEBUG - 2016-03-30 22:18:38,218 - [chan 0] open('/backup/daily/wangzhuoran/2016-03-30/.git/packed-refs', 'wb') -> 00000000
DEBUG - 2016-03-30 22:18:38,219 - [chan 0] close(00000000)
DEBUG - 2016-03-30 22:18:38,220 - [chan 0] stat('/backup/daily/wangzhuoran/2016-03-30/.git/packed-refs')
INFO - 2016-03-30 22:18:38,221 - Backup localfile /home/monster/BackupService/.git/packed-refs to /backup/daily/wangzhuoran/2016-03-30/.git/packed-refs on 211.65.193.61 ...
DEBUG - 2016-03-30 22:18:38,221 - [chan 0] open('/backup/daily/wangzhuoran/2016-03-30/.git/index', 'wb')
DEBUG - 2016-03-30 22:18:38,222 - [chan 0] open('/backup/daily/wangzhuoran/2016-03-30/.git/index', 'wb') -> 00000000
DEBUG - 2016-03-30 22:18:38,223 - [chan 0] close(00000000)
DEBUG - 2016-03-30 22:18:38,224 - [chan 0] stat('/backup/daily/wangzhuoran/2016-03-30/.git/index')
INFO - 2016-03-30 22:18:38,225 - Backup localfile /home/monster/BackupService/.git/index to /backup/daily/wangzhuoran/2016-03-30/.git/index on 211.65.193.61 ...
DEBUG - 2016-03-30 22:18:38,226 - [chan 0] open('/backup/daily/wangzhuoran/2016-03-30/.git/config', 'wb')
DEBUG - 2016-03-30 22:18:38,227 - [chan 0] open('/backup/daily/wangzhuoran/2016-03-30/.git/config', 'wb') -> 00000000
DEBUG - 2016-03-30 22:18:38,227 - [chan 0] close(00000000)
DEBUG - 2016-03-30 22:18:38,229 - [chan 0] stat('/backup/daily/wangzhuoran/2016-03-30/.git/config')
INFO - 2016-03-30 22:18:38,230 - Backup localfile /home/monster/BackupService/.git/config to /backup/daily/wangzhuoran/2016-03-30/.git/config on 211.65.193.61 ...
DEBUG - 2016-03-30 22:18:38,231 - [chan 0] open('/backup/daily/wangzhuoran/2016-03-30/.git/description', 'wb')
DEBUG - 2016-03-30 22:18:38,232 - [chan 0] open('/backup/daily/wangzhuoran/2016-03-30/.git/description', 'wb') -> 00000000
DEBUG - 2016-03-30 22:18:38,232 - [chan 0] close(00000000)
DEBUG - 2016-03-30 22:18:38,234 - [chan 0] stat('/backup/daily/wangzhuoran/2016-03-30/.git/description')
INFO - 2016-03-30 22:18:38,251 - Backup localfile /home/monster/BackupService/.git/description to /backup/daily/wangzhuoran/2016-03-30/.git/description on 211.65.193.61 ...
DEBUG - 2016-03-30 22:18:38,252 - [chan 0] open('/backup/daily/wangzhuoran/2016-03-30/.git/objects/5f/3e1d1ed638938588bcd04f8e7116c27c9053a5', 'wb')
DEBUG - 2016-03-30 22:18:38,253 - [chan 0] mkdir('/backup/daily/wangzhuoran/2016-03-30/.git/objects/5f', 511)
ERROR - 2016-03-30 22:18:38,255 - Remote host 211.65.193.61 [Errno 2] No such file
DEBUG - 2016-03-30 22:18:38,355 - EOF in transport thread
